<?xml version="1.0" encoding="UTF-8"?>
<testsuite xmlns:xsi="http://www.w3.org/2001/XMLSchema-instance" xsi:noNamespaceSchemaLocation="https://maven.apache.org/surefire/maven-surefire-plugin/xsd/surefire-test-report.xsd" version="3.0.2" name="com.aj.clgportal.ClgportalApplicationTests" time="37.932" tests="1" errors="0" skipped="0" failures="0">
  <properties>
[...]
</properties>
  <testcase name="contextLoads" classname="com.aj.clgportal.ClgportalApplicationTests" time="0.47">
    <system-out><![CDATA[14:01:42.234 [main] INFO org.springframework.test.context.support.AnnotationConfigContextLoaderUtils -- Could not detect default configuration classes for test class [com.aj.clgportal.ClgportalApplicationTests]: ClgportalApplicationTests does not declare any static, non-private, non-final, nested classes annotated with @Configuration.
14:01:42.370 [main] INFO org.springframework.boot.test.context.SpringBootTestContextBootstrapper -- Found @SpringBootConfiguration com.aj.clgportal.ClgportalApplication for test class com.aj.clgportal.ClgportalApplicationTests
       _                        _        _ 
   ___| | __ _ _ __   ___  _ __| |_ __ _| |
  / __| |/ _` | '_ \ / _ \| '__| __/ _` | |
 | (__| | (_| | |_) | (_) | |  | || (_| | |
  \___|_|\__, | .__/ \___/|_|   \__\__,_|_|
         |___/|_|                                
      
Version: v1
Powered by Spring Boot 3.4.1          
2026-09-15T14:01:43.001+05:30  INFO 3360 --- [clgportal] [           main] c.a.clgportal.ClgportalApplicationTests  : Starting ClgportalApplicationTests vv1 using Java 21.0.11 with PID 3360 (started by aj in E:\git\clgportal_api)
2026-09-15T14:01:43.008+05:30  INFO 3360 --- [clgportal] [           main] c.a.clgportal.ClgportalApplicationTests  : The following 1 profile is active: "prod"
2026-09-15T14:01:44.512+05:30  INFO 3360 --- [clgportal] [           main] .s.d.r.c.RepositoryConfigurationDelegate : Bootstrapping Spring Data JPA repositories in DEFAULT mode.
2026-09-15T14:01:44.782+05:30  INFO 3360 --- [clgportal] [           main] .s.d.r.c.RepositoryConfigurationDelegate : Finished Spring Data repository scanning in 253 ms. Found 15 JPA repository interfaces.
2026-09-15T14:01:45.575+05:30  INFO 3360 --- [clgportal] [           main] o.hibernate.jpa.internal.util.LogHelper  : HHH000204: Processing PersistenceUnitInfo [name: default]
2026-09-15T14:01:45.705+05:30  INFO 3360 --- [clgportal] [           main] org.hibernate.Version                    : HHH000412: Hibernate ORM core version 6.6.4.Final
2026-09-15T14:01:45.777+05:30  INFO 3360 --- [clgportal] [           main] o.h.c.internal.RegionFactoryInitiator    : HHH000026: Second-level cache disabled
2026-09-15T14:01:46.166+05:30  INFO 3360 --- [clgportal] [           main] o.s.o.j.p.SpringPersistenceUnitInfo      : No LoadTimeWeaver setup: ignoring JPA class transformer
2026-09-15T14:01:46.210+05:30  INFO 3360 --- [clgportal] [           main] com.zaxxer.hikari.HikariDataSource       : HikariPool-1 - Starting...
2026-09-15T14:01:48.246+05:30  INFO 3360 --- [clgportal] [           main] com.zaxxer.hikari.pool.HikariPool        : HikariPool-1 - Added connection org.postgresql.jdbc.PgConnection@37142579
2026-09-15T14:01:48.249+05:30  INFO 3360 --- [clgportal] [           main] com.zaxxer.hikari.HikariDataSource       : HikariPool-1 - Start completed.
2026-09-15T14:01:48.572+05:30  WARN 3360 --- [clgportal] [           main] org.hibernate.orm.deprecation            : HHH90000025: PostgreSQLDialect does not need to be specified explicitly using 'hibernate.dialect' (remove the property setting and it will be selected by default)
2026-09-15T14:01:48.844+05:30  INFO 3360 --- [clgportal] [           main] org.hibernate.orm.connections.pooling    : HHH10001005: Database info:
	Database JDBC URL [Connecting through datasource 'HikariDataSource (HikariPool-1)']
	Database driver: undefined/unknown
	Database version: 18.6
	Autocommit mode: undefined/unknown
	Isolation level: undefined/unknown
	Minimum pool size: undefined/unknown
	Maximum pool size: undefined/unknown
2026-09-15T14:01:50.423+05:30  INFO 3360 --- [clgportal] [           main] o.h.e.t.j.p.i.JtaPlatformInitiator       : HHH000489: No JTA platform available (set 'hibernate.transaction.jta.platform' to enable JTA platform integration)
2026-09-15T14:02:02.765+05:30  INFO 3360 --- [clgportal] [           main] j.LocalContainerEntityManagerFactoryBean : Initialized JPA EntityManagerFactory for persistence unit 'default'
2026-09-15T14:02:02.958+05:30  WARN 3360 --- [clgportal] [           main] JpaBaseConfiguration$JpaWebConfiguration : spring.jpa.open-in-view is enabled by default. Therefore, database queries may be performed during view rendering. Explicitly configure spring.jpa.open-in-view to disable this warning
2026-09-15T14:02:03.546+05:30  INFO 3360 --- [clgportal] [           main] o.s.d.j.r.query.QueryEnhancerFactory     : Hibernate is in classpath; If applicable, HQL parser will be used.
2026-09-15T14:02:03.839+05:30  INFO 3360 --- [clgportal] [           main] r$InitializeUserDetailsManagerConfigurer : Global AuthenticationManager configured with UserDetailsService bean with name customUserDetailsService
2026-09-15T14:02:06.231+05:30  INFO 3360 --- [clgportal] [           main] o.s.m.s.b.SimpleBrokerMessageHandler     : Starting...
2026-09-15T14:02:06.232+05:30  INFO 3360 --- [clgportal] [           main] o.s.m.s.b.SimpleBrokerMessageHandler     : BrokerAvailabilityEvent[available=true, SimpleBrokerMessageHandler [org.springframework.messaging.simp.broker.DefaultSubscriptionRegistry@538ee7ab]]
2026-09-15T14:02:06.233+05:30  INFO 3360 --- [clgportal] [           main] o.s.m.s.b.SimpleBrokerMessageHandler     : Started.
2026-09-15T14:02:06.288+05:30  INFO 3360 --- [clgportal] [           main] o.a.k.clients.consumer.ConsumerConfig    : ConsumerConfig values: 
	allow.auto.create.topics = true
	auto.commit.interval.ms = 5000
	auto.include.jmx.reporter = true
	auto.offset.reset = latest
	bootstrap.servers = [localhost:9092]
	check.crcs = true
	client.dns.lookup = use_all_dns_ips
	client.id = consumer-clg-group-1
	client.rack = 
	connections.max.idle.ms = 540000
	default.api.timeout.ms = 60000
	enable.auto.commit = false
	enable.metrics.push = true
	exclude.internal.topics = true
	fetch.max.bytes = 52428800
	fetch.max.wait.ms = 500
	fetch.min.bytes = 1
	group.id = clg-group
	group.instance.id = null
	group.protocol = classic
	group.remote.assignor = null
	heartbeat.interval.ms = 3000
	interceptor.classes = []
	internal.leave.group.on.close = true
	internal.throw.on.fetch.stable.offset.unsupported = false
	isolation.level = read_uncommitted
	key.deserializer = class org.apache.kafka.common.serialization.StringDeserializer
	max.partition.fetch.bytes = 1048576
	max.poll.interval.ms = 300000
	max.poll.records = 500
	metadata.max.age.ms = 300000
	metadata.recovery.strategy = none
	metric.reporters = []
	metrics.num.samples = 2
	metrics.recording.level = INFO
	metrics.sample.window.ms = 30000
	partition.assignment.strategy = [class org.apache.kafka.clients.consumer.RangeAssignor, class org.apache.kafka.clients.consumer.CooperativeStickyAssignor]
	receive.buffer.bytes = 65536
	reconnect.backoff.max.ms = 1000
	reconnect.backoff.ms = 50
	request.timeout.ms = 30000
	retry.backoff.max.ms = 1000
	retry.backoff.ms = 100
	sasl.client.callback.handler.class = null
	sasl.jaas.config = null
	sasl.kerberos.kinit.cmd = /usr/bin/kinit
	sasl.kerberos.min.time.before.relogin = 60000
	sasl.kerberos.service.name = null
	sasl.kerberos.ticket.renew.jitter = 0.05
	sasl.kerberos.ticket.renew.window.factor = 0.8
	sasl.login.callback.handler.class = null
	sasl.login.class = null
	sasl.login.connect.timeout.ms = null
	sasl.login.read.timeout.ms = null
	sasl.login.refresh.buffer.seconds = 300
	sasl.login.refresh.min.period.seconds = 60
	sasl.login.refresh.window.factor = 0.8
	sasl.login.refresh.window.jitter = 0.05
	sasl.login.retry.backoff.max.ms = 10000
	sasl.login.retry.backoff.ms = 100
	sasl.mechanism = GSSAPI
	sasl.oauthbearer.clock.skew.seconds = 30
	sasl.oauthbearer.expected.audience = null
	sasl.oauthbearer.expected.issuer = null
	sasl.oauthbearer.jwks.endpoint.refresh.ms = 3600000
	sasl.oauthbearer.jwks.endpoint.retry.backoff.max.ms = 10000
	sasl.oauthbearer.jwks.endpoint.retry.backoff.ms = 100
	sasl.oauthbearer.jwks.endpoint.url = null
	sasl.oauthbearer.scope.claim.name = scope
	sasl.oauthbearer.sub.claim.name = sub
	sasl.oauthbearer.token.endpoint.url = null
	security.protocol = PLAINTEXT
	security.providers = null
	send.buffer.bytes = 131072
	session.timeout.ms = 45000
	socket.connection.setup.timeout.max.ms = 30000
	socket.connection.setup.timeout.ms = 10000
	ssl.cipher.suites = null
	ssl.enabled.protocols = [TLSv1.2, TLSv1.3]
	ssl.endpoint.identification.algorithm = https
	ssl.engine.factory.class = null
	ssl.key.password = null
	ssl.keymanager.algorithm = SunX509
	ssl.keystore.certificate.chain = null
	ssl.keystore.key = null
	ssl.keystore.location = null
	ssl.keystore.password = null
	ssl.keystore.type = JKS
	ssl.protocol = TLSv1.3
	ssl.provider = null
	ssl.secure.random.implementation = null
	ssl.trustmanager.algorithm = PKIX
	ssl.truststore.certificates = null
	ssl.truststore.location = null
	ssl.truststore.password = null
	ssl.truststore.type = JKS
	value.deserializer = class org.springframework.kafka.support.serializer.JsonDeserializer

2026-09-15T14:02:06.338+05:30  INFO 3360 --- [clgportal] [           main] o.a.k.c.t.i.KafkaMetricsCollector        : initializing Kafka metrics collector
2026-09-15T14:02:06.524+05:30  INFO 3360 --- [clgportal] [           main] o.a.kafka.common.utils.AppInfoParser     : Kafka version: 3.8.1
2026-09-15T14:02:06.525+05:30  INFO 3360 --- [clgportal] [           main] o.a.kafka.common.utils.AppInfoParser     : Kafka commitId: 70d6ff42debf7e17
2026-09-15T14:02:06.525+05:30  INFO 3360 --- [clgportal] [           main] o.a.kafka.common.utils.AppInfoParser     : Kafka startTimeMs: 1789461126523
2026-09-15T14:02:06.529+05:30  INFO 3360 --- [clgportal] [           main] o.a.k.c.c.internals.LegacyKafkaConsumer  : [Consumer clientId=consumer-clg-group-1, groupId=clg-group] Subscribed to topic(s): notice-topic
2026-09-15T14:02:06.536+05:30  INFO 3360 --- [clgportal] [           main] o.a.k.clients.consumer.ConsumerConfig    : ConsumerConfig values: 
	allow.auto.create.topics = true
	auto.commit.interval.ms = 5000
	auto.include.jmx.reporter = true
	auto.offset.reset = latest
	bootstrap.servers = [localhost:9092]
	check.crcs = true
	client.dns.lookup = use_all_dns_ips
	client.id = consumer-notice-reply-group-2
	client.rack = 
	connections.max.idle.ms = 540000
	default.api.timeout.ms = 60000
	enable.auto.commit = false
	enable.metrics.push = true
	exclude.internal.topics = true
	fetch.max.bytes = 52428800
	fetch.max.wait.ms = 500
	fetch.min.bytes = 1
	group.id = notice-reply-group
	group.instance.id = null
	group.protocol = classic
	group.remote.assignor = null
	heartbeat.interval.ms = 3000
	interceptor.classes = []
	internal.leave.group.on.close = true
	internal.throw.on.fetch.stable.offset.unsupported = false
	isolation.level = read_uncommitted
	key.deserializer = class org.apache.kafka.common.serialization.StringDeserializer
	max.partition.fetch.bytes = 1048576
	max.poll.interval.ms = 300000
	max.poll.records = 500
	metadata.max.age.ms = 300000
	metadata.recovery.strategy = none
	metric.reporters = []
	metrics.num.samples = 2
	metrics.recording.level = INFO
	metrics.sample.window.ms = 30000
	partition.assignment.strategy = [class org.apache.kafka.clients.consumer.RangeAssignor, class org.apache.kafka.clients.consumer.CooperativeStickyAssignor]
	receive.buffer.bytes = 65536
	reconnect.backoff.max.ms = 1000
	reconnect.backoff.ms = 50
	request.timeout.ms = 30000
	retry.backoff.max.ms = 1000
	retry.backoff.ms = 100
	sasl.client.callback.handler.class = null
	sasl.jaas.config = null
	sasl.kerberos.kinit.cmd = /usr/bin/kinit
	sasl.kerberos.min.time.before.relogin = 60000
	sasl.kerberos.service.name = null
	sasl.kerberos.ticket.renew.jitter = 0.05
	sasl.kerberos.ticket.renew.window.factor = 0.8
	sasl.login.callback.handler.class = null
	sasl.login.class = null
	sasl.login.connect.timeout.ms = null
	sasl.login.read.timeout.ms = null
	sasl.login.refresh.buffer.seconds = 300
	sasl.login.refresh.min.period.seconds = 60
	sasl.login.refresh.window.factor = 0.8
	sasl.login.refresh.window.jitter = 0.05
	sasl.login.retry.backoff.max.ms = 10000
	sasl.login.retry.backoff.ms = 100
	sasl.mechanism = GSSAPI
	sasl.oauthbearer.clock.skew.seconds = 30
	sasl.oauthbearer.expected.audience = null
	sasl.oauthbearer.expected.issuer = null
	sasl.oauthbearer.jwks.endpoint.refresh.ms = 3600000
	sasl.oauthbearer.jwks.endpoint.retry.backoff.max.ms = 10000
	sasl.oauthbearer.jwks.endpoint.retry.backoff.ms = 100
	sasl.oauthbearer.jwks.endpoint.url = null
	sasl.oauthbearer.scope.claim.name = scope
	sasl.oauthbearer.sub.claim.name = sub
	sasl.oauthbearer.token.endpoint.url = null
	security.protocol = PLAINTEXT
	security.providers = null
	send.buffer.bytes = 131072
	session.timeout.ms = 45000
	socket.connection.setup.timeout.max.ms = 30000
	socket.connection.setup.timeout.ms = 10000
	ssl.cipher.suites = null
	ssl.enabled.protocols = [TLSv1.2, TLSv1.3]
	ssl.endpoint.identification.algorithm = https
	ssl.engine.factory.class = null
	ssl.key.password = null
	ssl.keymanager.algorithm = SunX509
	ssl.keystore.certificate.chain = null
	ssl.keystore.key = null
	ssl.keystore.location = null
	ssl.keystore.password = null
	ssl.keystore.type = JKS
	ssl.protocol = TLSv1.3
	ssl.provider = null
	ssl.secure.random.implementation = null
	ssl.trustmanager.algorithm = PKIX
	ssl.truststore.certificates = null
	ssl.truststore.location = null
	ssl.truststore.password = null
	ssl.truststore.type = JKS
	value.deserializer = class org.springframework.kafka.support.serializer.JsonDeserializer

2026-09-15T14:02:06.536+05:30  INFO 3360 --- [clgportal] [           main] o.a.k.c.t.i.KafkaMetricsCollector        : initializing Kafka metrics collector
2026-09-15T14:02:06.547+05:30  INFO 3360 --- [clgportal] [           main] o.a.kafka.common.utils.AppInfoParser     : Kafka version: 3.8.1
2026-09-15T14:02:06.547+05:30  INFO 3360 --- [clgportal] [           main] o.a.kafka.common.utils.AppInfoParser     : Kafka commitId: 70d6ff42debf7e17
2026-09-15T14:02:06.547+05:30  INFO 3360 --- [clgportal] [           main] o.a.kafka.common.utils.AppInfoParser     : Kafka startTimeMs: 1789461126547
2026-09-15T14:02:06.547+05:30  INFO 3360 --- [clgportal] [           main] o.a.k.c.c.internals.LegacyKafkaConsumer  : [Consumer clientId=consumer-notice-reply-group-2, groupId=notice-reply-group] Subscribed to topic(s): notice-reply-topic
2026-09-15T14:02:06.561+05:30  INFO 3360 --- [clgportal] [           main] c.a.clgportal.ClgportalApplicationTests  : Started ClgportalApplicationTests in 24.03 seconds (process running for 25.183)
2026-09-15T14:02:07.136+05:30  INFO 3360 --- [clgportal] [ntainer#0-0-C-1] org.apache.kafka.clients.Metadata        : [Consumer clientId=consumer-clg-group-1, groupId=clg-group] Cluster ID: fPF_nbUKQ2u0ceKZaYILfg
2026-09-15T14:02:07.136+05:30  INFO 3360 --- [clgportal] [ntainer#1-0-C-1] org.apache.kafka.clients.Metadata        : [Consumer clientId=consumer-notice-reply-group-2, groupId=notice-reply-group] Cluster ID: fPF_nbUKQ2u0ceKZaYILfg
2026-09-15T14:02:07.137+05:30  INFO 3360 --- [clgportal] [ntainer#1-0-C-1] o.a.k.c.c.internals.ConsumerCoordinator  : [Consumer clientId=consumer-notice-reply-group-2, groupId=notice-reply-group] Discovered group coordinator localhost:9092 (id: 2147483646 rack: null)
2026-09-15T14:02:07.137+05:30  INFO 3360 --- [clgportal] [ntainer#0-0-C-1] o.a.k.c.c.internals.ConsumerCoordinator  : [Consumer clientId=consumer-clg-group-1, groupId=clg-group] Discovered group coordinator localhost:9092 (id: 2147483646 rack: null)
2026-09-15T14:02:07.141+05:30  INFO 3360 --- [clgportal] [ntainer#0-0-C-1] o.a.k.c.c.internals.ConsumerCoordinator  : [Consumer clientId=consumer-clg-group-1, groupId=clg-group] (Re-)joining group
2026-09-15T14:02:07.141+05:30  INFO 3360 --- [clgportal] [ntainer#1-0-C-1] o.a.k.c.c.internals.ConsumerCoordinator  : [Consumer clientId=consumer-notice-reply-group-2, groupId=notice-reply-group] (Re-)joining group
2026-09-15T14:02:07.166+05:30  INFO 3360 --- [clgportal] [ntainer#0-0-C-1] o.a.k.c.c.internals.ConsumerCoordinator  : [Consumer clientId=consumer-clg-group-1, groupId=clg-group] Request joining group due to: need to re-join with the given member-id: consumer-clg-group-1-b7a3a129-933e-4b4c-8394-058201da60eb
2026-09-15T14:02:07.166+05:30  INFO 3360 --- [clgportal] [ntainer#1-0-C-1] o.a.k.c.c.internals.ConsumerCoordinator  : [Consumer clientId=consumer-notice-reply-group-2, groupId=notice-reply-group] Request joining group due to: need to re-join with the given member-id: consumer-notice-reply-group-2-c0dd99c0-e69c-42df-87db-988529df2728
2026-09-15T14:02:07.167+05:30  INFO 3360 --- [clgportal] [ntainer#1-0-C-1] o.a.k.c.c.internals.ConsumerCoordinator  : [Consumer clientId=consumer-notice-reply-group-2, groupId=notice-reply-group] (Re-)joining group
2026-09-15T14:02:07.167+05:30  INFO 3360 --- [clgportal] [ntainer#0-0-C-1] o.a.k.c.c.internals.ConsumerCoordinator  : [Consumer clientId=consumer-clg-group-1, groupId=clg-group] (Re-)joining group
2026-09-15T14:02:10.175+05:30  INFO 3360 --- [clgportal] [ntainer#1-0-C-1] o.a.k.c.c.internals.ConsumerCoordinator  : [Consumer clientId=consumer-notice-reply-group-2, groupId=notice-reply-group] Successfully joined group with generation Generation{generationId=41, memberId='consumer-notice-reply-group-2-c0dd99c0-e69c-42df-87db-988529df2728', protocol='range'}
2026-09-15T14:02:10.176+05:30  INFO 3360 --- [clgportal] [ntainer#0-0-C-1] o.a.k.c.c.internals.ConsumerCoordinator  : [Consumer clientId=consumer-clg-group-1, groupId=clg-group] Successfully joined group with generation Generation{generationId=41, memberId='consumer-clg-group-1-b7a3a129-933e-4b4c-8394-058201da60eb', protocol='range'}
2026-09-15T14:02:10.187+05:30  INFO 3360 --- [clgportal] [ntainer#0-0-C-1] o.a.k.c.c.internals.ConsumerCoordinator  : [Consumer clientId=consumer-clg-group-1, groupId=clg-group] Finished assignment for group at generation 41: {consumer-clg-group-1-b7a3a129-933e-4b4c-8394-058201da60eb=Assignment(partitions=[notice-topic-0])}
2026-09-15T14:02:10.187+05:30  INFO 3360 --- [clgportal] [ntainer#1-0-C-1] o.a.k.c.c.internals.ConsumerCoordinator  : [Consumer clientId=consumer-notice-reply-group-2, groupId=notice-reply-group] Finished assignment for group at generation 41: {consumer-notice-reply-group-2-c0dd99c0-e69c-42df-87db-988529df2728=Assignment(partitions=[notice-reply-topic-0])}
2026-09-15T14:02:10.192+05:30  INFO 3360 --- [clgportal] [ntainer#1-0-C-1] o.a.k.c.c.internals.ConsumerCoordinator  : [Consumer clientId=consumer-notice-reply-group-2, groupId=notice-reply-group] Successfully synced group in generation Generation{generationId=41, memberId='consumer-notice-reply-group-2-c0dd99c0-e69c-42df-87db-988529df2728', protocol='range'}
2026-09-15T14:02:10.192+05:30  INFO 3360 --- [clgportal] [ntainer#0-0-C-1] o.a.k.c.c.internals.ConsumerCoordinator  : [Consumer clientId=consumer-clg-group-1, groupId=clg-group] Successfully synced group in generation Generation{generationId=41, memberId='consumer-clg-group-1-b7a3a129-933e-4b4c-8394-058201da60eb', protocol='range'}
2026-09-15T14:02:10.193+05:30  INFO 3360 --- [clgportal] [ntainer#0-0-C-1] o.a.k.c.c.internals.ConsumerCoordinator  : [Consumer clientId=consumer-clg-group-1, groupId=clg-group] Notifying assignor about the new Assignment(partitions=[notice-topic-0])
2026-09-15T14:02:10.193+05:30  INFO 3360 --- [clgportal] [ntainer#1-0-C-1] o.a.k.c.c.internals.ConsumerCoordinator  : [Consumer clientId=consumer-notice-reply-group-2, groupId=notice-reply-group] Notifying assignor about the new Assignment(partitions=[notice-reply-topic-0])
2026-09-15T14:02:10.196+05:30  INFO 3360 --- [clgportal] [ntainer#0-0-C-1] k.c.c.i.ConsumerRebalanceListenerInvoker : [Consumer clientId=consumer-clg-group-1, groupId=clg-group] Adding newly assigned partitions: notice-topic-0
2026-09-15T14:02:10.196+05:30  INFO 3360 --- [clgportal] [ntainer#1-0-C-1] k.c.c.i.ConsumerRebalanceListenerInvoker : [Consumer clientId=consumer-notice-reply-group-2, groupId=notice-reply-group] Adding newly assigned partitions: notice-reply-topic-0
2026-09-15T14:02:10.209+05:30  INFO 3360 --- [clgportal] [ntainer#0-0-C-1] o.a.k.c.c.internals.ConsumerUtils        : Setting offset for partition notice-topic-0 to the committed offset FetchPosition{offset=0, offsetEpoch=Optional.empty, currentLeader=LeaderAndEpoch{leader=Optional[localhost:9092 (id: 1 rack: null)], epoch=18}}
2026-09-15T14:02:10.208+05:30  INFO 3360 --- [clgportal] [ntainer#1-0-C-1] o.a.k.c.c.internals.ConsumerUtils        : Setting offset for partition notice-reply-topic-0 to the committed offset FetchPosition{offset=0, offsetEpoch=Optional.empty, currentLeader=LeaderAndEpoch{leader=Optional[localhost:9092 (id: 1 rack: null)], epoch=18}}
2026-09-15T14:02:10.210+05:30  INFO 3360 --- [clgportal] [ntainer#0-0-C-1] o.s.k.l.KafkaMessageListenerContainer    : clg-group: partitions assigned: [notice-topic-0]
2026-09-15T14:02:10.210+05:30  INFO 3360 --- [clgportal] [ntainer#1-0-C-1] o.s.k.l.KafkaMessageListenerContainer    : notice-reply-group: partitions assigned: [notice-reply-topic-0]
All permissions assigned to ROLE_ADMIN
]]></system-out>
    <system-err><![CDATA[Mockito is currently self-attaching to enable the inline-mock-maker. This will no longer work in future releases of the JDK. Please add Mockito as an agent to your build what is described in Mockito's documentation: https://javadoc.io/doc/org.mockito/mockito-core/latest/org/mockito/Mockito.html#0.3
WARNING: A Java agent has been loaded dynamically (C:\Users\aj\.m2\repository\net\bytebuddy\byte-buddy-agent\1.15.11\byte-buddy-agent-1.15.11.jar)
WARNING: If a serviceability tool is in use, please run with -XX:+EnableDynamicAgentLoading to hide this warning
WARNING: If a serviceability tool is not in use, please run with -Djdk.instrument.traceUsage for more information
WARNING: Dynamic loading of agents will be disallowed by default in a future release
]]></system-err>
  </testcase>
</testsuite>